Started by user [8mha:////4Gq8laDmf+gnjQJGcI3vmbay1HhhQwe+p+/DPRYsRBpMAAAAlx+LCAAAAAAAAP9b85aBtbiIQTGjNKU4P08vOT+vOD8nVc83PyU1x6OyILUoJzMv2y+/JJUBAhiZGBgqihhk0NSjKDWzXb3RdlLBUSYGJk8GtpzUvPSSDB8G5tKinBIGIZ+sxLJE/ZzEvHT94JKizLx0a6BxUmjGOUNodHsLgAzOEgZu/dLi1CL9xJTczDwAawhpaMAAAAA=[0mjlferrete
Running as SYSTEM
Building in workspace /var/jenkins_home/workspace/maven-job
The recommended git tool is: NONE
using credential jlferrete
 > git rev-parse --is-inside-work-tree # timeout=10
Fetching changes from the remote Git repository
 > git config remote.origin.url https://github.com/jenkins-docs/simple-java-maven-app # timeout=10
Fetching upstream changes from https://github.com/jenkins-docs/simple-java-maven-app
 > git --version # timeout=10
 > git --version # 'git version 2.11.0'
using GIT_ASKPASS to set credentials 
 > git fetch --tags --progress -- https://github.com/jenkins-docs/simple-java-maven-app +refs/heads/*:refs/remotes/origin/* # timeout=10
 > git rev-parse refs/remotes/origin/master^{commit} # timeout=10
 > git rev-parse refs/remotes/origin/origin/master^{commit} # timeout=10
Checking out Revision 0d85b7e1fd39bc6978511f92381aa10534ca4c1b (refs/remotes/origin/master)
 > git config core.sparsecheckout # timeout=10
 > git checkout -f 0d85b7e1fd39bc6978511f92381aa10534ca4c1b # timeout=10
Commit message: "Amend README.md"
 > git rev-list --no-walk 0d85b7e1fd39bc6978511f92381aa10534ca4c1b # timeout=10
[maven-job] $ /var/jenkins_home/tools/hudson.tasks.Maven_MavenInstallation/jenkins-maven/bin/mvn -B -DskipTests clean package
[INFO] Scanning for projects...
[INFO] 
[INFO] ----------------------< com.mycompany.app:my-app >----------------------
[INFO] Building my-app 1.0-SNAPSHOT
[INFO] --------------------------------[ jar ]---------------------------------
[INFO] 
[8mha:////4Mhtfp1BLLv16m/wJ43213inag2ooC6LCw9dEI/JO8UpAAAAYB+LCAAAAAAAAP9b85aBtbiIQSmjNKU4P0+vJLE4u1gvPjexLDVPzxdEGvvmZ+X75ZekLlOVfvTjc8FPJgaGiiIGKaiG5Py84vycVD1nCA1SyAABjCCFBQCV27OjYAAAAA==[0m[INFO] --- maven-clean-plugin:2.5:clean (default-clean) @ my-app ---
[INFO] Deleting /var/jenkins_home/workspace/maven-job/target
[INFO] 
[8mha:////4Mhtfp1BLLv16m/wJ43213inag2ooC6LCw9dEI/JO8UpAAAAYB+LCAAAAAAAAP9b85aBtbiIQSmjNKU4P0+vJLE4u1gvPjexLDVPzxdEGvvmZ+X75ZekLlOVfvTjc8FPJgaGiiIGKaiG5Py84vycVD1nCA1SyAABjCCFBQCV27OjYAAAAA==[0m[INFO] --- maven-resources-plugin:2.6:resources (default-resources) @ my-app ---
[8mha:////4G7ryhorRhZcZmkZAXJc7kEkZY/ltOkvLN3RKgk4NTLDAAAAYx+LCAAAAAAAAP9b85aBtbiIQSWjNKU4P0+vJLE4u1gvPjexLDVPzxdEhicW5WXmpfvll6S2fNly5fzGzauYGBgqihikoFqS8/OK83NS9ZwhNEghAwQwghQWAACwxA+XYgAAAA==[0m[WARNING] Using platform encoding (UTF-8 actually) to copy filtered resources, i.e. build is platform dependent!
[INFO] skip non existing resourceDirectory /var/jenkins_home/workspace/maven-job/src/main/resources
[INFO] 
[8mha:////4Mhtfp1BLLv16m/wJ43213inag2ooC6LCw9dEI/JO8UpAAAAYB+LCAAAAAAAAP9b85aBtbiIQSmjNKU4P0+vJLE4u1gvPjexLDVPzxdEGvvmZ+X75ZekLlOVfvTjc8FPJgaGiiIGKaiG5Py84vycVD1nCA1SyAABjCCFBQCV27OjYAAAAA==[0m[INFO] --- maven-compiler-plugin:3.1:compile (default-compile) @ my-app ---
[INFO] Changes detected - recompiling the module!
[8mha:////4G7ryhorRhZcZmkZAXJc7kEkZY/ltOkvLN3RKgk4NTLDAAAAYx+LCAAAAAAAAP9b85aBtbiIQSWjNKU4P0+vJLE4u1gvPjexLDVPzxdEhicW5WXmpfvll6S2fNly5fzGzauYGBgqihikoFqS8/OK83NS9ZwhNEghAwQwghQWAACwxA+XYgAAAA==[0m[WARNING] File encoding has not been set, using platform encoding UTF-8, i.e. build is platform dependent!
[INFO] Compiling 1 source file to /var/jenkins_home/workspace/maven-job/target/classes
[INFO] 
[8mha:////4Mhtfp1BLLv16m/wJ43213inag2ooC6LCw9dEI/JO8UpAAAAYB+LCAAAAAAAAP9b85aBtbiIQSmjNKU4P0+vJLE4u1gvPjexLDVPzxdEGvvmZ+X75ZekLlOVfvTjc8FPJgaGiiIGKaiG5Py84vycVD1nCA1SyAABjCCFBQCV27OjYAAAAA==[0m[INFO] --- maven-resources-plugin:2.6:testResources (default-testResources) @ my-app ---
[8mha:////4G7ryhorRhZcZmkZAXJc7kEkZY/ltOkvLN3RKgk4NTLDAAAAYx+LCAAAAAAAAP9b85aBtbiIQSWjNKU4P0+vJLE4u1gvPjexLDVPzxdEhicW5WXmpfvll6S2fNly5fzGzauYGBgqihikoFqS8/OK83NS9ZwhNEghAwQwghQWAACwxA+XYgAAAA==[0m[WARNING] Using platform encoding (UTF-8 actually) to copy filtered resources, i.e. build is platform dependent!
[INFO] skip non existing resourceDirectory /var/jenkins_home/workspace/maven-job/src/test/resources
[INFO] 
[8mha:////4Mhtfp1BLLv16m/wJ43213inag2ooC6LCw9dEI/JO8UpAAAAYB+LCAAAAAAAAP9b85aBtbiIQSmjNKU4P0+vJLE4u1gvPjexLDVPzxdEGvvmZ+X75ZekLlOVfvTjc8FPJgaGiiIGKaiG5Py84vycVD1nCA1SyAABjCCFBQCV27OjYAAAAA==[0m[INFO] --- maven-compiler-plugin:3.1:testCompile (default-testCompile) @ my-app ---
[INFO] Changes detected - recompiling the module!
[8mha:////4G7ryhorRhZcZmkZAXJc7kEkZY/ltOkvLN3RKgk4NTLDAAAAYx+LCAAAAAAAAP9b85aBtbiIQSWjNKU4P0+vJLE4u1gvPjexLDVPzxdEhicW5WXmpfvll6S2fNly5fzGzauYGBgqihikoFqS8/OK83NS9ZwhNEghAwQwghQWAACwxA+XYgAAAA==[0m[WARNING] File encoding has not been set, using platform encoding UTF-8, i.e. build is platform dependent!
[INFO] Compiling 1 source file to /var/jenkins_home/workspace/maven-job/target/test-classes
[INFO] 
[8mha:////4Mhtfp1BLLv16m/wJ43213inag2ooC6LCw9dEI/JO8UpAAAAYB+LCAAAAAAAAP9b85aBtbiIQSmjNKU4P0+vJLE4u1gvPjexLDVPzxdEGvvmZ+X75ZekLlOVfvTjc8FPJgaGiiIGKaiG5Py84vycVD1nCA1SyAABjCCFBQCV27OjYAAAAA==[0m[INFO] --- maven-surefire-plugin:2.12.4:test (default-test) @ my-app ---
[INFO] Tests are skipped.
[INFO] 
[8mha:////4Mhtfp1BLLv16m/wJ43213inag2ooC6LCw9dEI/JO8UpAAAAYB+LCAAAAAAAAP9b85aBtbiIQSmjNKU4P0+vJLE4u1gvPjexLDVPzxdEGvvmZ+X75ZekLlOVfvTjc8FPJgaGiiIGKaiG5Py84vycVD1nCA1SyAABjCCFBQCV27OjYAAAAA==[0m[INFO] --- maven-jar-plugin:3.0.2:jar (default-jar) @ my-app ---
[INFO] Building jar: /var/jenkins_home/workspace/maven-job/target/my-app-1.0-SNAPSHOT.jar
[INFO] ------------------------------------------------------------------------
[INFO] BUILD SUCCESS
[INFO] ------------------------------------------------------------------------
[INFO] Total time:  45.885 s
[INFO] Finished at: 2020-09-04T10:30:27Z
[INFO] ------------------------------------------------------------------------
[maven-job] $ /var/jenkins_home/tools/hudson.tasks.Maven_MavenInstallation/jenkins-maven/bin/mvn test
[INFO] Scanning for projects...
[INFO] 
[INFO] ----------------------< com.mycompany.app:my-app >----------------------
[INFO] Building my-app 1.0-SNAPSHOT
[INFO] --------------------------------[ jar ]---------------------------------
[INFO] 
[8mha:////4Mhtfp1BLLv16m/wJ43213inag2ooC6LCw9dEI/JO8UpAAAAYB+LCAAAAAAAAP9b85aBtbiIQSmjNKU4P0+vJLE4u1gvPjexLDVPzxdEGvvmZ+X75ZekLlOVfvTjc8FPJgaGiiIGKaiG5Py84vycVD1nCA1SyAABjCCFBQCV27OjYAAAAA==[0m[INFO] --- maven-resources-plugin:2.6:resources (default-resources) @ my-app ---
[8mha:////4G7ryhorRhZcZmkZAXJc7kEkZY/ltOkvLN3RKgk4NTLDAAAAYx+LCAAAAAAAAP9b85aBtbiIQSWjNKU4P0+vJLE4u1gvPjexLDVPzxdEhicW5WXmpfvll6S2fNly5fzGzauYGBgqihikoFqS8/OK83NS9ZwhNEghAwQwghQWAACwxA+XYgAAAA==[0m[WARNING] Using platform encoding (UTF-8 actually) to copy filtered resources, i.e. build is platform dependent!
[INFO] skip non existing resourceDirectory /var/jenkins_home/workspace/maven-job/src/main/resources
[INFO] 
[8mha:////4Mhtfp1BLLv16m/wJ43213inag2ooC6LCw9dEI/JO8UpAAAAYB+LCAAAAAAAAP9b85aBtbiIQSmjNKU4P0+vJLE4u1gvPjexLDVPzxdEGvvmZ+X75ZekLlOVfvTjc8FPJgaGiiIGKaiG5Py84vycVD1nCA1SyAABjCCFBQCV27OjYAAAAA==[0m[INFO] --- maven-compiler-plugin:3.1:compile (default-compile) @ my-app ---
[INFO] Nothing to compile - all classes are up to date
[INFO] 
[8mha:////4Mhtfp1BLLv16m/wJ43213inag2ooC6LCw9dEI/JO8UpAAAAYB+LCAAAAAAAAP9b85aBtbiIQSmjNKU4P0+vJLE4u1gvPjexLDVPzxdEGvvmZ+X75ZekLlOVfvTjc8FPJgaGiiIGKaiG5Py84vycVD1nCA1SyAABjCCFBQCV27OjYAAAAA==[0m[INFO] --- maven-resources-plugin:2.6:testResources (default-testResources) @ my-app ---
[8mha:////4G7ryhorRhZcZmkZAXJc7kEkZY/ltOkvLN3RKgk4NTLDAAAAYx+LCAAAAAAAAP9b85aBtbiIQSWjNKU4P0+vJLE4u1gvPjexLDVPzxdEhicW5WXmpfvll6S2fNly5fzGzauYGBgqihikoFqS8/OK83NS9ZwhNEghAwQwghQWAACwxA+XYgAAAA==[0m[WARNING] Using platform encoding (UTF-8 actually) to copy filtered resources, i.e. build is platform dependent!
[INFO] skip non existing resourceDirectory /var/jenkins_home/workspace/maven-job/src/test/resources
[INFO] 
[8mha:////4Mhtfp1BLLv16m/wJ43213inag2ooC6LCw9dEI/JO8UpAAAAYB+LCAAAAAAAAP9b85aBtbiIQSmjNKU4P0+vJLE4u1gvPjexLDVPzxdEGvvmZ+X75ZekLlOVfvTjc8FPJgaGiiIGKaiG5Py84vycVD1nCA1SyAABjCCFBQCV27OjYAAAAA==[0m[INFO] --- maven-compiler-plugin:3.1:testCompile (default-testCompile) @ my-app ---
[INFO] Nothing to compile - all classes are up to date
[INFO] 
[8mha:////4Mhtfp1BLLv16m/wJ43213inag2ooC6LCw9dEI/JO8UpAAAAYB+LCAAAAAAAAP9b85aBtbiIQSmjNKU4P0+vJLE4u1gvPjexLDVPzxdEGvvmZ+X75ZekLlOVfvTjc8FPJgaGiiIGKaiG5Py84vycVD1nCA1SyAABjCCFBQCV27OjYAAAAA==[0m[INFO] --- maven-surefire-plugin:2.12.4:test (default-test) @ my-app ---
[INFO] Surefire report directory: /var/jenkins_home/workspace/maven-job/target/surefire-reports

-------------------------------------------------------
 T E S T S
-------------------------------------------------------
Running com.mycompany.app.AppTest
Tests run: 2, Failures: 0, Errors: 0, Skipped: 0, Time elapsed: 1.303 sec

Results :

Tests run: 2, Failures: 0, Errors: 0, Skipped: 0

[INFO] ------------------------------------------------------------------------
[INFO] BUILD SUCCESS
[INFO] ------------------------------------------------------------------------
[INFO] Total time:  34.996 s
[INFO] Finished at: 2020-09-04T10:31:37Z
[INFO] ------------------------------------------------------------------------
[maven-job] $ /bin/sh -xe /tmp/jenkins6229284339482538113.sh
+ echo README.md jenkins pom.xml src target
README.md jenkins pom.xml src target
+ echo Desplegando el jar
Desplegando el jar
+ echo README.md jenkins pom.xml src target
README.md jenkins pom.xml src target
+ java -jar /var/jenkins_home/workspace/maven-job/target/my-app-1.0-SNAPSHOT.jar
Hello World!
Archiving artifacts
Recording test results
Sending e-mails to: josel.ferrete@s-dos.es
ERROR: Couldn't connect to host, port: localhost, 25; timeout 60000
com.sun.mail.util.MailConnectException: Couldn't connect to host, port: localhost, 25; timeout 60000;
  nested exception is:
	java.net.ConnectException: Connection refused (Connection refused)
	at com.sun.mail.smtp.SMTPTransport.openServer(SMTPTransport.java:2210)
	at com.sun.mail.smtp.SMTPTransport.protocolConnect(SMTPTransport.java:722)
	at javax.mail.Service.connect(Service.java:342)
	at javax.mail.Service.connect(Service.java:222)
	at javax.mail.Service.connect(Service.java:171)
	at javax.mail.Transport.send0(Transport.java:230)
	at javax.mail.Transport.send(Transport.java:100)
	at hudson.tasks.MailSender.run(MailSender.java:130)
	at hudson.tasks.Mailer.perform(Mailer.java:176)
	at hudson.tasks.Mailer.perform(Mailer.java:139)
	at hudson.tasks.BuildStepMonitor$1.perform(BuildStepMonitor.java:20)
	at hudson.model.AbstractBuild$AbstractBuildExecution.perform(AbstractBuild.java:741)
	at hudson.model.AbstractBuild$AbstractBuildExecution.performAllBuildSteps(AbstractBuild.java:690)
	at hudson.model.Build$BuildExecution.post2(Build.java:186)
	at hudson.model.AbstractBuild$AbstractBuildExecution.post(AbstractBuild.java:635)
	at hudson.model.Run.execute(Run.java:1919)
	at hudson.model.FreeStyleBuild.run(FreeStyleBuild.java:43)
	at hudson.model.ResourceController.execute(ResourceController.java:97)
	at hudson.model.Executor.run(Executor.java:428)
Caused by: java.net.ConnectException: Connection refused (Connection refused)
	at java.net.PlainSocketImpl.socketConnect(Native Method)
	at java.net.AbstractPlainSocketImpl.doConnect(AbstractPlainSocketImpl.java:350)
	at java.net.AbstractPlainSocketImpl.connectToAddress(AbstractPlainSocketImpl.java:206)
	at java.net.AbstractPlainSocketImpl.connect(AbstractPlainSocketImpl.java:188)
	at java.net.SocksSocketImpl.connect(SocksSocketImpl.java:392)
	at java.net.Socket.connect(Socket.java:607)
	at com.sun.mail.util.SocketFetcher.createSocket(SocketFetcher.java:333)
	at com.sun.mail.util.SocketFetcher.getSocket(SocketFetcher.java:214)
	at com.sun.mail.smtp.SMTPTransport.openServer(SMTPTransport.java:2160)
	... 18 more
Finished: SUCCESS
